{"D:\\Sources\\room-card\\src\\util.ts": {"path":"D:\\Sources\\room-card\\src\\util.ts","statementMap":{"0":{"start":{"line":3,"column":0},"end":{"line":3,"column":53}},"1":{"start":{"line":6,"column":24},"end":{"line":6,"column":107}},"2":{"start":{"line":6,"column":52},"end":{"line":6,"column":107}},"3":{"start":{"line":6,"column":13},"end":{"line":6,"column":24}},"4":{"start":{"line":8,"column":29},"end":{"line":8,"column":130}},"5":{"start":{"line":8,"column":74},"end":{"line":8,"column":130}},"6":{"start":{"line":8,"column":13},"end":{"line":8,"column":29}},"7":{"start":{"line":10,"column":31},"end":{"line":11,"column":61}},"8":{"start":{"line":11,"column":4},"end":{"line":11,"column":61}},"9":{"start":{"line":10,"column":13},"end":{"line":10,"column":31}},"10":{"start":{"line":13,"column":24},"end":{"line":15,"column":1}},"11":{"start":{"line":14,"column":4},"end":{"line":14,"column":99}},"12":{"start":{"line":13,"column":13},"end":{"line":13,"column":24}},"13":{"start":{"line":17,"column":22},"end":{"line":40,"column":1}},"14":{"start":{"line":18,"column":4},"end":{"line":20,"column":null}},"15":{"start":{"line":19,"column":8},"end":{"line":19,"column":20}},"16":{"start":{"line":21,"column":4},"end":{"line":23,"column":null}},"17":{"start":{"line":22,"column":8},"end":{"line":22,"column":21}},"18":{"start":{"line":25,"column":4},"end":{"line":39,"column":null}},"19":{"start":{"line":27,"column":26},"end":{"line":27,"column":47}},"20":{"start":{"line":28,"column":34},"end":{"line":36,"column":10}},"21":{"start":{"line":30,"column":12},"end":{"line":33,"column":null}},"22":{"start":{"line":31,"column":36},"end":{"line":31,"column":60}},"23":{"start":{"line":32,"column":16},"end":{"line":32,"column":106}},"24":{"start":{"line":35,"column":12},"end":{"line":35,"column":60}},"25":{"start":{"line":38,"column":8},"end":{"line":38,"column":44}},"26":{"start":{"line":17,"column":13},"end":{"line":17,"column":22}},"27":{"start":{"line":42,"column":28},"end":{"line":47,"column":36}},"28":{"start":{"line":43,"column":4},"end":{"line":47,"column":36}},"29":{"start":{"line":44,"column":49},"end":{"line":44,"column":62}},"30":{"start":{"line":45,"column":54},"end":{"line":45,"column":67}},"31":{"start":{"line":46,"column":44},"end":{"line":46,"column":56}},"32":{"start":{"line":46,"column":74},"end":{"line":46,"column":87}},"33":{"start":{"line":47,"column":28},"end":{"line":47,"column":34}},"34":{"start":{"line":42,"column":13},"end":{"line":42,"column":28}},"35":{"start":{"line":49,"column":42},"end":{"line":59,"column":1}},"36":{"start":{"line":50,"column":4},"end":{"line":52,"column":null}},"37":{"start":{"line":51,"column":8},"end":{"line":51,"column":20}},"38":{"start":{"line":54,"column":20},"end":{"line":54,"column":62}},"39":{"start":{"line":55,"column":4},"end":{"line":57,"column":null}},"40":{"start":{"line":56,"column":8},"end":{"line":56,"column":108}},"41":{"start":{"line":56,"column":55},"end":{"line":56,"column":106}},"42":{"start":{"line":58,"column":4},"end":{"line":58,"column":17}},"43":{"start":{"line":49,"column":13},"end":{"line":49,"column":42}},"44":{"start":{"line":61,"column":37},"end":{"line":74,"column":1}},"45":{"start":{"line":62,"column":4},"end":{"line":64,"column":null}},"46":{"start":{"line":63,"column":8},"end":{"line":63,"column":20}},"47":{"start":{"line":65,"column":4},"end":{"line":67,"column":null}},"48":{"start":{"line":66,"column":8},"end":{"line":66,"column":20}},"49":{"start":{"line":68,"column":4},"end":{"line":70,"column":null}},"50":{"start":{"line":69,"column":8},"end":{"line":69,"column":20}},"51":{"start":{"line":71,"column":4},"end":{"line":73,"column":null}},"52":{"start":{"line":72,"column":8},"end":{"line":72,"column":20}},"53":{"start":{"line":61,"column":13},"end":{"line":61,"column":37}},"54":{"start":{"line":76,"column":30},"end":{"line":79,"column":1}},"55":{"start":{"line":77,"column":17},"end":{"line":77,"column":73}},"56":{"start":{"line":78,"column":4},"end":{"line":78,"column":91}},"57":{"start":{"line":76,"column":13},"end":{"line":76,"column":30}},"58":{"start":{"line":81,"column":33},"end":{"line":119,"column":1}},"59":{"start":{"line":82,"column":4},"end":{"line":84,"column":null}},"60":{"start":{"line":83,"column":8},"end":{"line":83,"column":15}},"61":{"start":{"line":86,"column":24},"end":{"line":92,"column":5}},"62":{"start":{"line":87,"column":8},"end":{"line":91,"column":11}},"63":{"start":{"line":94,"column":24},"end":{"line":103,"column":5}},"64":{"start":{"line":95,"column":24},"end":{"line":95,"column":67}},"65":{"start":{"line":96,"column":8},"end":{"line":101,"column":null}},"66":{"start":{"line":97,"column":12},"end":{"line":97,"column":38}},"67":{"start":{"line":99,"column":12},"end":{"line":99,"column":36}},"68":{"start":{"line":100,"column":12},"end":{"line":100,"column":52}},"69":{"start":{"line":102,"column":8},"end":{"line":102,"column":23}},"70":{"start":{"line":105,"column":14},"end":{"line":105,"column":29}},"71":{"start":{"line":106,"column":4},"end":{"line":112,"column":null}},"72":{"start":{"line":107,"column":8},"end":{"line":107,"column":32}},"73":{"start":{"line":108,"column":11},"end":{"line":112,"column":null}},"74":{"start":{"line":109,"column":8},"end":{"line":109,"column":43}},"75":{"start":{"line":111,"column":8},"end":{"line":111,"column":32}},"76":{"start":{"line":114,"column":20},"end":{"line":114,"column":48}},"77":{"start":{"line":115,"column":4},"end":{"line":115,"column":24}},"78":{"start":{"line":116,"column":4},"end":{"line":116,"column":37}},"79":{"start":{"line":117,"column":4},"end":{"line":117,"column":37}},"80":{"start":{"line":118,"column":4},"end":{"line":118,"column":19}},"81":{"start":{"line":81,"column":13},"end":{"line":81,"column":33}}},"fnMap":{"0":{"name":"(anonymous_0)","decl":{"start":{"line":6,"column":24},"end":{"line":6,"column":25}},"loc":{"start":{"line":6,"column":52},"end":{"line":6,"column":107}}},"1":{"name":"(anonymous_1)","decl":{"start":{"line":8,"column":29},"end":{"line":8,"column":30}},"loc":{"start":{"line":8,"column":74},"end":{"line":8,"column":130}}},"2":{"name":"(anonymous_2)","decl":{"start":{"line":10,"column":31},"end":{"line":10,"column":32}},"loc":{"start":{"line":11,"column":4},"end":{"line":11,"column":61}}},"3":{"name":"(anonymous_3)","decl":{"start":{"line":13,"column":24},"end":{"line":13,"column":25}},"loc":{"start":{"line":13,"column":51},"end":{"line":15,"column":1}}},"4":{"name":"(anonymous_4)","decl":{"start":{"line":17,"column":22},"end":{"line":17,"column":23}},"loc":{"start":{"line":17,"column":70},"end":{"line":40,"column":1}}},"5":{"name":"(anonymous_5)","decl":{"start":{"line":28,"column":86},"end":{"line":28,"column":90}},"loc":{"start":{"line":28,"column":93},"end":{"line":36,"column":9}}},"6":{"name":"(anonymous_6)","decl":{"start":{"line":42,"column":28},"end":{"line":42,"column":29}},"loc":{"start":{"line":42,"column":66},"end":{"line":47,"column":36}}},"7":{"name":"(anonymous_7)","decl":{"start":{"line":44,"column":37},"end":{"line":44,"column":38}},"loc":{"start":{"line":44,"column":49},"end":{"line":44,"column":62}}},"8":{"name":"(anonymous_8)","decl":{"start":{"line":45,"column":42},"end":{"line":45,"column":43}},"loc":{"start":{"line":45,"column":54},"end":{"line":45,"column":67}}},"9":{"name":"(anonymous_9)","decl":{"start":{"line":46,"column":37},"end":{"line":46,"column":40}},"loc":{"start":{"line":46,"column":44},"end":{"line":46,"column":56}}},"10":{"name":"(anonymous_10)","decl":{"start":{"line":46,"column":62},"end":{"line":46,"column":63}},"loc":{"start":{"line":46,"column":74},"end":{"line":46,"column":87}}},"11":{"name":"(anonymous_11)","decl":{"start":{"line":47,"column":16},"end":{"line":47,"column":17}},"loc":{"start":{"line":47,"column":28},"end":{"line":47,"column":34}}},"12":{"name":"(anonymous_12)","decl":{"start":{"line":49,"column":42},"end":{"line":49,"column":43}},"loc":{"start":{"line":49,"column":97},"end":{"line":59,"column":1}}},"13":{"name":"(anonymous_13)","decl":{"start":{"line":56,"column":35},"end":{"line":56,"column":36}},"loc":{"start":{"line":56,"column":55},"end":{"line":56,"column":106}}},"14":{"name":"(anonymous_14)","decl":{"start":{"line":61,"column":37},"end":{"line":61,"column":38}},"loc":{"start":{"line":61,"column":84},"end":{"line":74,"column":1}}},"15":{"name":"(anonymous_15)","decl":{"start":{"line":76,"column":30},"end":{"line":76,"column":31}},"loc":{"start":{"line":76,"column":95},"end":{"line":79,"column":1}}},"16":{"name":"(anonymous_16)","decl":{"start":{"line":81,"column":33},"end":{"line":81,"column":34}},"loc":{"start":{"line":81,"column":89},"end":{"line":119,"column":1}}},"17":{"name":"(anonymous_17)","decl":{"start":{"line":86,"column":24},"end":{"line":86,"column":25}},"loc":{"start":{"line":86,"column":89},"end":{"line":92,"column":5}}},"18":{"name":"(anonymous_18)","decl":{"start":{"line":94,"column":24},"end":{"line":94,"column":25}},"loc":{"start":{"line":94,"column":83},"end":{"line":103,"column":5}}}},"branchMap":{"0":{"loc":{"start":{"line":6,"column":52},"end":{"line":6,"column":107}},"type":"binary-expr","locations":[{"start":{"line":6,"column":52},"end":{"line":6,"column":75}},{"start":{"line":6,"column":79},"end":{"line":6,"column":98}},{"start":{"line":6,"column":102},"end":{"line":6,"column":107}}]},"1":{"loc":{"start":{"line":8,"column":74},"end":{"line":8,"column":130}},"type":"binary-expr","locations":[{"start":{"line":8,"column":74},"end":{"line":8,"column":83}},{"start":{"line":8,"column":87},"end":{"line":8,"column":130}}]},"2":{"loc":{"start":{"line":11,"column":4},"end":{"line":11,"column":61}},"type":"binary-expr","locations":[{"start":{"line":11,"column":4},"end":{"line":11,"column":27}},{"start":{"line":11,"column":31},"end":{"line":11,"column":61}}]},"3":{"loc":{"start":{"line":14,"column":11},"end":{"line":14,"column":98}},"type":"cond-expr","locations":[{"start":{"line":14,"column":30},"end":{"line":14,"column":74}},{"start":{"line":14,"column":77},"end":{"line":14,"column":98}}]},"4":{"loc":{"start":{"line":18,"column":4},"end":{"line":20,"column":null}},"type":"if","locations":[{"start":{"line":18,"column":4},"end":{"line":20,"column":null}}]},"5":{"loc":{"start":{"line":21,"column":4},"end":{"line":23,"column":null}},"type":"if","locations":[{"start":{"line":21,"column":4},"end":{"line":23,"column":null}}]},"6":{"loc":{"start":{"line":25,"column":4},"end":{"line":39,"column":null}},"type":"if","locations":[{"start":{"line":25,"column":4},"end":{"line":39,"column":null}}]},"7":{"loc":{"start":{"line":28,"column":34},"end":{"line":36,"column":10}},"type":"cond-expr","locations":[{"start":{"line":28,"column":77},"end":{"line":28,"column":79}},{"start":{"line":28,"column":77},"end":{"line":36,"column":10}}]},"8":{"loc":{"start":{"line":28,"column":34},"end":{"line":28,"column":79}},"type":"binary-expr","locations":[{"start":{"line":28,"column":34},"end":{"line":28,"column":79}},{"start":{"line":28,"column":77},"end":{"line":28,"column":79}}]},"9":{"loc":{"start":{"line":30,"column":12},"end":{"line":33,"column":null}},"type":"if","locations":[{"start":{"line":30,"column":12},"end":{"line":33,"column":null}}]},"10":{"loc":{"start":{"line":32,"column":30},"end":{"line":32,"column":105}},"type":"cond-expr","locations":[{"start":{"line":32,"column":47},"end":{"line":32,"column":85}},{"start":{"line":32,"column":88},"end":{"line":32,"column":105}}]},"11":{"loc":{"start":{"line":44,"column":16},"end":{"line":44,"column":63}},"type":"cond-expr","locations":[{"start":{"line":44,"column":31},"end":{"line":44,"column":33}},{"start":{"line":44,"column":31},"end":{"line":44,"column":63}}]},"12":{"loc":{"start":{"line":44,"column":16},"end":{"line":44,"column":33}},"type":"binary-expr","locations":[{"start":{"line":44,"column":16},"end":{"line":44,"column":33}},{"start":{"line":44,"column":31},"end":{"line":44,"column":33}}]},"13":{"loc":{"start":{"line":45,"column":16},"end":{"line":45,"column":68}},"type":"cond-expr","locations":[{"start":{"line":45,"column":36},"end":{"line":45,"column":38}},{"start":{"line":45,"column":36},"end":{"line":45,"column":68}}]},"14":{"loc":{"start":{"line":45,"column":16},"end":{"line":45,"column":38}},"type":"binary-expr","locations":[{"start":{"line":45,"column":16},"end":{"line":45,"column":38}},{"start":{"line":45,"column":36},"end":{"line":45,"column":38}}]},"15":{"loc":{"start":{"line":46,"column":16},"end":{"line":46,"column":88}},"type":"cond-expr","locations":[{"start":{"line":46,"column":27},"end":{"line":46,"column":29}},{"start":{"line":46,"column":27},"end":{"line":46,"column":88}}]},"16":{"loc":{"start":{"line":46,"column":16},"end":{"line":46,"column":29}},"type":"binary-expr","locations":[{"start":{"line":46,"column":16},"end":{"line":46,"column":29}},{"start":{"line":46,"column":27},"end":{"line":46,"column":29}}]},"17":{"loc":{"start":{"line":50,"column":4},"end":{"line":52,"column":null}},"type":"if","locations":[{"start":{"line":50,"column":4},"end":{"line":52,"column":null}}]},"18":{"loc":{"start":{"line":55,"column":4},"end":{"line":57,"column":null}},"type":"if","locations":[{"start":{"line":55,"column":4},"end":{"line":57,"column":null}}]},"19":{"loc":{"start":{"line":62,"column":4},"end":{"line":64,"column":null}},"type":"if","locations":[{"start":{"line":62,"column":4},"end":{"line":64,"column":null}}]},"20":{"loc":{"start":{"line":62,"column":7},"end":{"line":62,"column":61}},"type":"binary-expr","locations":[{"start":{"line":62,"column":7},"end":{"line":62,"column":33}},{"start":{"line":62,"column":37},"end":{"line":62,"column":61}}]},"21":{"loc":{"start":{"line":65,"column":4},"end":{"line":67,"column":null}},"type":"if","locations":[{"start":{"line":65,"column":4},"end":{"line":67,"column":null}}]},"22":{"loc":{"start":{"line":65,"column":7},"end":{"line":65,"column":65}},"type":"binary-expr","locations":[{"start":{"line":65,"column":7},"end":{"line":65,"column":37}},{"start":{"line":65,"column":41},"end":{"line":65,"column":65}}]},"23":{"loc":{"start":{"line":68,"column":4},"end":{"line":70,"column":null}},"type":"if","locations":[{"start":{"line":68,"column":4},"end":{"line":70,"column":null}}]},"24":{"loc":{"start":{"line":68,"column":7},"end":{"line":68,"column":59}},"type":"binary-expr","locations":[{"start":{"line":68,"column":7},"end":{"line":68,"column":32}},{"start":{"line":68,"column":36},"end":{"line":68,"column":59}}]},"25":{"loc":{"start":{"line":71,"column":4},"end":{"line":73,"column":null}},"type":"if","locations":[{"start":{"line":71,"column":4},"end":{"line":73,"column":null}}]},"26":{"loc":{"start":{"line":71,"column":7},"end":{"line":71,"column":59}},"type":"binary-expr","locations":[{"start":{"line":71,"column":7},"end":{"line":71,"column":32}},{"start":{"line":71,"column":36},"end":{"line":71,"column":59}}]},"27":{"loc":{"start":{"line":77,"column":17},"end":{"line":77,"column":73}},"type":"cond-expr","locations":[{"start":{"line":77,"column":46},"end":{"line":77,"column":64}},{"start":{"line":77,"column":67},"end":{"line":77,"column":73}}]},"28":{"loc":{"start":{"line":78,"column":32},"end":{"line":78,"column":88}},"type":"cond-expr","locations":[{"start":{"line":78,"column":46},"end":{"line":78,"column":70}},{"start":{"line":78,"column":73},"end":{"line":78,"column":88}}]},"29":{"loc":{"start":{"line":82,"column":4},"end":{"line":84,"column":null}},"type":"if","locations":[{"start":{"line":82,"column":4},"end":{"line":84,"column":null}}]},"30":{"loc":{"start":{"line":82,"column":8},"end":{"line":82,"column":104}},"type":"binary-expr","locations":[{"start":{"line":82,"column":8},"end":{"line":82,"column":30}},{"start":{"line":82,"column":34},"end":{"line":82,"column":104}}]},"31":{"loc":{"start":{"line":106,"column":4},"end":{"line":112,"column":null}},"type":"if","locations":[{"start":{"line":106,"column":4},"end":{"line":112,"column":null}},{"start":{"line":108,"column":11},"end":{"line":112,"column":null}}]},"32":{"loc":{"start":{"line":108,"column":11},"end":{"line":112,"column":null}},"type":"if","locations":[{"start":{"line":108,"column":11},"end":{"line":112,"column":null}},{"start":{"line":110,"column":11},"end":{"line":112,"column":null}}]}},"s":{"0":4,"1":4,"2":4,"3":4,"4":4,"5":5,"6":4,"7":4,"8":4,"9":4,"10":4,"11":3,"12":4,"13":4,"14":0,"15":0,"16":0,"17":0,"18":0,"19":0,"20":0,"21":0,"22":0,"23":0,"24":0,"25":0,"26":4,"27":4,"28":0,"29":0,"30":0,"31":0,"32":0,"33":0,"34":4,"35":4,"36":0,"37":0,"38":0,"39":0,"40":0,"41":0,"42":0,"43":4,"44":4,"45":0,"46":0,"47":0,"48":0,"49":0,"50":0,"51":0,"52":0,"53":4,"54":4,"55":0,"56":0,"57":4,"58":4,"59":0,"60":0,"61":0,"62":0,"63":0,"64":0,"65":0,"66":0,"67":0,"68":0,"69":0,"70":0,"71":0,"72":0,"73":0,"74":0,"75":0,"76":0,"77":0,"78":0,"79":0,"80":0,"81":4},"f":{"0":4,"1":5,"2":4,"3":3,"4":0,"5":0,"6":0,"7":0,"8":0,"9":0,"10":0,"11":0,"12":0,"13":0,"14":0,"15":0,"16":0,"17":0,"18":0},"b":{"0":[4,3,2],"1":[5,5],"2":[4,2],"3":[2,1],"4":[0],"5":[0],"6":[0],"7":[0,0],"8":[0,0],"9":[0],"10":[0,0],"11":[0,0],"12":[0,0],"13":[0,0],"14":[0,0],"15":[0,0],"16":[0,0],"17":[0],"18":[0],"19":[0],"20":[0,0],"21":[0],"22":[0,0],"23":[0],"24":[0,0],"25":[0],"26":[0,0],"27":[0,0],"28":[0,0],"29":[0],"30":[0,0],"31":[0,0],"32":[0,0]}}
,"D:\\Sources\\room-card\\src\\lib\\constants.ts": {"path":"D:\\Sources\\room-card\\src\\lib\\constants.ts","statementMap":{"0":{"start":{"line":6,"column":13},"end":{"line":6,"column":41}},"1":{"start":{"line":7,"column":13},"end":{"line":7,"column":33}},"2":{"start":{"line":8,"column":13},"end":{"line":8,"column":57}},"3":{"start":{"line":10,"column":13},"end":{"line":10,"column":43}},"4":{"start":{"line":11,"column":13},"end":{"line":11,"column":43}},"5":{"start":{"line":13,"column":13},"end":{"line":13,"column":83}},"6":{"start":{"line":15,"column":13},"end":{"line":23,"column":2}},"7":{"start":{"line":25,"column":13},"end":{"line":32,"column":2}},"8":{"start":{"line":34,"column":13},"end":{"line":39,"column":2}}},"fnMap":{},"branchMap":{},"s":{"0":4,"1":4,"2":4,"3":4,"4":4,"5":4,"6":4,"7":4,"8":4},"f":{},"b":{}}
,"D:\\Sources\\room-card\\tests\\testdata.ts": {"path":"D:\\Sources\\room-card\\tests\\testdata.ts","statementMap":{"0":{"start":{"line":3,"column":13},"end":{"line":13,"column":2}},"1":{"start":{"line":15,"column":13},"end":{"line":17,"column":2}}},"fnMap":{},"branchMap":{},"s":{"0":3,"1":3},"f":{},"b":{}}
}
