TN:
SF:src\util.ts
FN:6,(anonymous_0)
FN:8,(anonymous_1)
FN:10,(anonymous_2)
FN:13,(anonymous_3)
FN:17,(anonymous_4)
FN:28,(anonymous_5)
FN:42,(anonymous_6)
FN:44,(anonymous_7)
FN:45,(anonymous_8)
FN:46,(anonymous_9)
FN:46,(anonymous_10)
FN:47,(anonymous_11)
FN:49,(anonymous_12)
FN:56,(anonymous_13)
FN:61,(anonymous_14)
FN:76,(anonymous_15)
FN:81,(anonymous_16)
FN:86,(anonymous_17)
FN:94,(anonymous_18)
FNF:19
FNH:4
FNDA:4,(anonymous_0)
FNDA:5,(anonymous_1)
FNDA:4,(anonymous_2)
FNDA:3,(anonymous_3)
FNDA:0,(anonymous_4)
FNDA:0,(anonymous_5)
FNDA:0,(anonymous_6)
FNDA:0,(anonymous_7)
FNDA:0,(anonymous_8)
FNDA:0,(anonymous_9)
FNDA:0,(anonymous_10)
FNDA:0,(anonymous_11)
FNDA:0,(anonymous_12)
FNDA:0,(anonymous_13)
FNDA:0,(anonymous_14)
FNDA:0,(anonymous_15)
FNDA:0,(anonymous_16)
FNDA:0,(anonymous_17)
FNDA:0,(anonymous_18)
DA:3,4
DA:6,4
DA:8,5
DA:10,4
DA:11,4
DA:13,4
DA:14,3
DA:17,4
DA:18,0
DA:19,0
DA:21,0
DA:22,0
DA:25,0
DA:27,0
DA:28,0
DA:30,0
DA:31,0
DA:32,0
DA:35,0
DA:38,0
DA:42,4
DA:43,0
DA:44,0
DA:45,0
DA:46,0
DA:47,0
DA:49,4
DA:50,0
DA:51,0
DA:54,0
DA:55,0
DA:56,0
DA:58,0
DA:61,4
DA:62,0
DA:63,0
DA:65,0
DA:66,0
DA:68,0
DA:69,0
DA:71,0
DA:72,0
DA:76,4
DA:77,0
DA:78,0
DA:81,4
DA:82,0
DA:83,0
DA:86,0
DA:87,0
DA:94,0
DA:95,0
DA:96,0
DA:97,0
DA:99,0
DA:100,0
DA:102,0
DA:105,0
DA:106,0
DA:107,0
DA:108,0
DA:109,0
DA:111,0
DA:114,0
DA:115,0
DA:116,0
DA:117,0
DA:118,0
LF:68
LH:13
BRDA:6,0,0,4
BRDA:6,0,1,3
BRDA:6,0,2,2
BRDA:8,1,0,5
BRDA:8,1,1,5
BRDA:11,2,0,4
BRDA:11,2,1,2
BRDA:14,3,0,2
BRDA:14,3,1,1
BRDA:18,4,0,0
BRDA:21,5,0,0
BRDA:25,6,0,0
BRDA:28,7,0,0
BRDA:28,7,1,0
BRDA:28,8,0,0
BRDA:28,8,1,0
BRDA:30,9,0,0
BRDA:32,10,0,0
BRDA:32,10,1,0
BRDA:44,11,0,0
BRDA:44,11,1,0
BRDA:44,12,0,0
BRDA:44,12,1,0
BRDA:45,13,0,0
BRDA:45,13,1,0
BRDA:45,14,0,0
BRDA:45,14,1,0
BRDA:46,15,0,0
BRDA:46,15,1,0
BRDA:46,16,0,0
BRDA:46,16,1,0
BRDA:50,17,0,0
BRDA:55,18,0,0
BRDA:62,19,0,0
BRDA:62,20,0,0
BRDA:62,20,1,0
BRDA:65,21,0,0
BRDA:65,22,0,0
BRDA:65,22,1,0
BRDA:68,23,0,0
BRDA:68,24,0,0
BRDA:68,24,1,0
BRDA:71,25,0,0
BRDA:71,26,0,0
BRDA:71,26,1,0
BRDA:77,27,0,0
BRDA:77,27,1,0
BRDA:78,28,0,0
BRDA:78,28,1,0
BRDA:82,29,0,0
BRDA:82,30,0,0
BRDA:82,30,1,0
BRDA:106,31,0,0
BRDA:106,31,1,0
BRDA:108,32,0,0
BRDA:108,32,1,0
BRF:56
BRH:9
end_of_record
TN:
SF:src\lib\constants.ts
FNF:0
FNH:0
DA:6,4
DA:7,4
DA:8,4
DA:10,4
DA:11,4
DA:13,4
DA:15,4
DA:25,4
DA:34,4
LF:9
LH:9
BRF:0
BRH:0
end_of_record
TN:
SF:tests\testdata.ts
FNF:0
FNH:0
DA:3,3
DA:15,3
LF:2
LH:2
BRF:0
BRH:0
end_of_record
